[debug] [2024-02-19T13:14:02.156Z] ----------------------------------------------------------------------
[debug] [2024-02-19T13:14:02.159Z] Command:       C:\Program Files\nodejs\node.exe C:\Program Files\nodejs\node_modules\firebase-tools\lib\bin\firebase.js init
[debug] [2024-02-19T13:14:02.162Z] CLI Version:   13.3.0
[debug] [2024-02-19T13:14:02.163Z] Platform:      win32
[debug] [2024-02-19T13:14:02.163Z] Node Version:  v20.11.0
[debug] [2024-02-19T13:14:02.164Z] Time:          Mon Feb 19 2024 15:14:02 GMT+0200 (South Africa Standard Time)
[debug] [2024-02-19T13:14:02.164Z] ----------------------------------------------------------------------
[debug] 
[debug] [2024-02-19T13:14:02.286Z] > command requires scopes: ["email","openid","https://www.googleapis.com/auth/cloudplatformprojects.readonly","https://www.googleapis.com/auth/firebase","https://www.googleapis.com/auth/cloud-platform"]
[debug] [2024-02-19T13:14:02.287Z] > authorizing via signed-in user (tsele.molelekoa@younglings.africa)
[info] 
     ######## #### ########  ######## ########     ###     ######  ########
     ##        ##  ##     ## ##       ##     ##  ##   ##  ##       ##
     ######    ##  ########  ######   ########  #########  ######  ######
     ##        ##  ##    ##  ##       ##     ## ##     ##       ## ##
     ##       #### ##     ## ######## ########  ##     ##  ######  ########

You're about to initialize a Firebase project in this directory:

  C:\Users\molel\simplewebsite

Before we get started, keep in mind:

  * You are initializing within an existing Firebase project directory

[info] 
=== Project Setup
[info] 
[info] First, let's associate this project directory with a Firebase project.
[info] You can create multiple project aliases by running firebase use --add, 
[info] but for now we'll just set up a default project.
[info] 
[debug] [2024-02-19T13:14:27.789Z] Using project from CLI flag: rapid-digit-317714
[debug] [2024-02-19T13:14:27.792Z] >>> [apiv2][query] GET https://firebase.googleapis.com/v1beta1/projects/rapid-digit-317714 [none]
[debug] [2024-02-19T13:14:28.751Z] <<< [apiv2][status] GET https://firebase.googleapis.com/v1beta1/projects/rapid-digit-317714 403
[debug] [2024-02-19T13:14:28.751Z] <<< [apiv2][body] GET https://firebase.googleapis.com/v1beta1/projects/rapid-digit-317714 {"error":{"code":403,"message":"The caller does not have permission","status":"PERMISSION_DENIED"}}
[debug] [2024-02-19T13:14:28.752Z] HTTP Error: 403, The caller does not have permission
[debug] [2024-02-19T13:14:29.182Z] FirebaseError: HTTP Error: 403, The caller does not have permission
    at responseToError (C:\Users\molel\AppData\Roaming\nvm\v20.11.0\node_modules\firebase-tools\lib\responseToError.js:49:12)
    at RetryOperation._fn (C:\Users\molel\AppData\Roaming\nvm\v20.11.0\node_modules\firebase-tools\lib\apiv2.js:292:77)
    at process.processTicksAndRejections (node:internal/process/task_queues:95:5)
[error] 
[error] Error: Failed to get Firebase project rapid-digit-317714. Please make sure the project exists and your account has permission to access it.
[debug] [2024-02-19T13:14:34.488Z] ----------------------------------------------------------------------
[debug] [2024-02-19T13:14:34.491Z] Command:       C:\Program Files\nodejs\node.exe C:\Program Files\nodejs\node_modules\firebase-tools\lib\bin\firebase.js init
[debug] [2024-02-19T13:14:34.492Z] CLI Version:   13.3.0
[debug] [2024-02-19T13:14:34.492Z] Platform:      win32
[debug] [2024-02-19T13:14:34.492Z] Node Version:  v20.11.0
[debug] [2024-02-19T13:14:34.493Z] Time:          Mon Feb 19 2024 15:14:34 GMT+0200 (South Africa Standard Time)
[debug] [2024-02-19T13:14:34.493Z] ----------------------------------------------------------------------
[debug] 
[debug] [2024-02-19T13:14:34.608Z] > command requires scopes: ["email","openid","https://www.googleapis.com/auth/cloudplatformprojects.readonly","https://www.googleapis.com/auth/firebase","https://www.googleapis.com/auth/cloud-platform"]
[debug] [2024-02-19T13:14:34.609Z] > authorizing via signed-in user (tsele.molelekoa@younglings.africa)
[info] 
     ######## #### ########  ######## ########     ###     ######  ########
     ##        ##  ##     ## ##       ##     ##  ##   ##  ##       ##
     ######    ##  ########  ######   ########  #########  ######  ######
     ##        ##  ##    ##  ##       ##     ## ##     ##       ## ##
     ##       #### ##     ## ######## ########  ##     ##  ######  ########

You're about to initialize a Firebase project in this directory:

  C:\Users\molel\simplewebsite

Before we get started, keep in mind:

  * You are initializing within an existing Firebase project directory

[info] 
=== Project Setup
[info] 
[info] First, let's associate this project directory with a Firebase project.
[info] You can create multiple project aliases by running firebase use --add, 
[info] but for now we'll just set up a default project.
[info] 
[debug] [2024-02-19T13:14:48.448Z] Using project from CLI flag: rapid-digit-317714
[debug] [2024-02-19T13:14:48.452Z] >>> [apiv2][query] GET https://firebase.googleapis.com/v1beta1/projects/rapid-digit-317714 [none]
[debug] [2024-02-19T13:14:49.153Z] <<< [apiv2][status] GET https://firebase.googleapis.com/v1beta1/projects/rapid-digit-317714 403
[debug] [2024-02-19T13:14:49.154Z] <<< [apiv2][body] GET https://firebase.googleapis.com/v1beta1/projects/rapid-digit-317714 {"error":{"code":403,"message":"The caller does not have permission","status":"PERMISSION_DENIED"}}
[debug] [2024-02-19T13:14:49.154Z] HTTP Error: 403, The caller does not have permission
[debug] [2024-02-19T13:14:49.577Z] FirebaseError: HTTP Error: 403, The caller does not have permission
    at responseToError (C:\Users\molel\AppData\Roaming\nvm\v20.11.0\node_modules\firebase-tools\lib\responseToError.js:49:12)
    at RetryOperation._fn (C:\Users\molel\AppData\Roaming\nvm\v20.11.0\node_modules\firebase-tools\lib\apiv2.js:292:77)
    at process.processTicksAndRejections (node:internal/process/task_queues:95:5)
[error] 
[error] Error: Failed to get Firebase project rapid-digit-317714. Please make sure the project exists and your account has permission to access it.
